09/17/22 13:56:49 v1.34.5 @ LAPTOP-OO6P58OL, 
09/17/22 13:56:49 v1.34.5 @ LAPTOP-OO6P58OL, ****************************
09/17/22 13:56:49 v1.34.5 @ LAPTOP-OO6P58OL, Starting factorization of 108525167048069618588175976867846563247592681279699764935868571805537995466244621039138584734968186962015154069834228913223982840558626369903697856981515674800664445719963249384904839446749699482532818680540192673814671582032905573381188420997231842144989027400106624744146739238687818312012920530048166672413
09/17/22 13:56:49 v1.34.5 @ LAPTOP-OO6P58OL, using pretesting plan: normal
09/17/22 13:56:49 v1.34.5 @ LAPTOP-OO6P58OL, no tune info: using qs/gnfs crossover of 95 digits
09/17/22 13:56:49 v1.34.5 @ LAPTOP-OO6P58OL, ****************************
09/17/22 13:56:49 v1.34.5 @ LAPTOP-OO6P58OL, rho: x^2 + 3, starting 1000 iterations on C309
09/17/22 13:56:49 v1.34.5 @ LAPTOP-OO6P58OL, rho: x^2 + 2, starting 1000 iterations on C309
09/17/22 13:56:49 v1.34.5 @ LAPTOP-OO6P58OL, rho: x^2 + 1, starting 1000 iterations on C309
09/17/22 13:56:49 v1.34.5 @ LAPTOP-OO6P58OL, pm1: starting B1 = 150K, B2 = gmp-ecm default on C309
09/17/22 13:56:49 v1.34.5 @ LAPTOP-OO6P58OL, current ECM pretesting depth: 0.00
09/17/22 13:56:49 v1.34.5 @ LAPTOP-OO6P58OL, scheduled 30 curves at B1=2000 toward target pretesting depth of 95.08
09/17/22 13:56:50 v1.34.5 @ LAPTOP-OO6P58OL, Finished 30 curves using Lenstra ECM method on C309 input, B1=2K, B2=gmp-ecm default
09/17/22 13:56:50 v1.34.5 @ LAPTOP-OO6P58OL, current ECM pretesting depth: 15.18
09/17/22 13:56:50 v1.34.5 @ LAPTOP-OO6P58OL, scheduled 74 curves at B1=11000 toward target pretesting depth of 95.08
09/17/22 13:56:56 v1.34.5 @ LAPTOP-OO6P58OL, Finished 74 curves using Lenstra ECM method on C309 input, B1=11K, B2=gmp-ecm default
09/17/22 13:56:56 v1.34.5 @ LAPTOP-OO6P58OL, current ECM pretesting depth: 20.24
09/17/22 13:56:56 v1.34.5 @ LAPTOP-OO6P58OL, scheduled 214 curves at B1=50000 toward target pretesting depth of 95.08
09/17/22 13:58:03 v1.34.5 @ LAPTOP-OO6P58OL, Finished 214 curves using Lenstra ECM method on C309 input, B1=50K, B2=gmp-ecm default
09/17/22 13:58:03 v1.34.5 @ LAPTOP-OO6P58OL, pm1: starting B1 = 3750K, B2 = gmp-ecm default on C309
09/17/22 13:58:06 v1.34.5 @ LAPTOP-OO6P58OL, current ECM pretesting depth: 25.33
09/17/22 13:58:06 v1.34.5 @ LAPTOP-OO6P58OL, scheduled 430 curves at B1=250000 toward target pretesting depth of 95.08
09/17/22 14:09:09 v1.34.5 @ LAPTOP-OO6P58OL, Finished 430 curves using Lenstra ECM method on C309 input, B1=250K, B2=gmp-ecm default
09/17/22 14:09:09 v1.34.5 @ LAPTOP-OO6P58OL, pm1: starting B1 = 15M, B2 = gmp-ecm default on C309
09/17/22 14:09:20 v1.34.5 @ LAPTOP-OO6P58OL, current ECM pretesting depth: 30.45
09/17/22 14:09:20 v1.34.5 @ LAPTOP-OO6P58OL, scheduled 904 curves at B1=1000000 toward target pretesting depth of 95.08
09/17/22 15:44:08 v1.34.5 @ LAPTOP-OO6P58OL, Finished 904 curves using Lenstra ECM method on C309 input, B1=1M, B2=gmp-ecm default
09/17/22 15:44:08 v1.34.5 @ LAPTOP-OO6P58OL, current ECM pretesting depth: 35.56
09/17/22 15:44:08 v1.34.5 @ LAPTOP-OO6P58OL, scheduled 2350 curves at B1=3000000 toward target pretesting depth of 95.08
