09/17/22 13:55:16 v1.34.5 @ LAPTOP-OO6P58OL, System/Build Info: 
Using GMP-ECM 6.3, Powered by GMP 5.1.1
cached 78498 primes. pmax = 999983
detected 11th Gen Intel(R) Core(TM) i5-11300H @ 3.10GHz
detected L1 = 49152 bytes, L2 = 8388608 bytes, CL = 64 bytes
measured cpu frequency ~= 3108.930090
using 20 random witnesses for Rabin-Miller PRP checks

09/17/22 13:55:16 v1.34.5 @ LAPTOP-OO6P58OL, New random seeds: 3340943901, 2533961216

09/17/22 13:55:16 v1.34.5 @ LAPTOP-OO6P58OL, Processing expression: factors(108525167048069618588175976867846563247592681279699764935868571805537995466244621039138584734968186962015154069834228913223982840558626369903697856981515674800664445719963249384904839446749699482532818680540192673814671582032905573381188420997231842144989027400106624744146739238687818312012920530048166672413)

09/17/22 13:55:31 v1.34.5 @ LAPTOP-OO6P58OL, System/Build Info: 
Using GMP-ECM 6.3, Powered by GMP 5.1.1
cached 78498 primes. pmax = 999983
detected 11th Gen Intel(R) Core(TM) i5-11300H @ 3.10GHz
detected L1 = 49152 bytes, L2 = 8388608 bytes, CL = 64 bytes
measured cpu frequency ~= 3087.930480
using 20 random witnesses for Rabin-Miller PRP checks

09/17/22 13:55:31 v1.34.5 @ LAPTOP-OO6P58OL, New random seeds: 202920578, 2052514640

09/17/22 13:56:42 v1.34.5 @ LAPTOP-OO6P58OL, System/Build Info: 
Using GMP-ECM 6.3, Powered by GMP 5.1.1
cached 78498 primes. pmax = 999983
detected 11th Gen Intel(R) Core(TM) i5-11300H @ 3.10GHz
detected L1 = 49152 bytes, L2 = 8388608 bytes, CL = 64 bytes
measured cpu frequency ~= 3095.759590
using 20 random witnesses for Rabin-Miller PRP checks

09/17/22 13:56:42 v1.34.5 @ LAPTOP-OO6P58OL, New random seeds: 444243102, 3083971744

09/17/22 13:56:49 v1.34.5 @ LAPTOP-OO6P58OL, System/Build Info: 
Using GMP-ECM 6.3, Powered by GMP 5.1.1
cached 78498 primes. pmax = 999983
detected 11th Gen Intel(R) Core(TM) i5-11300H @ 3.10GHz
detected L1 = 49152 bytes, L2 = 8388608 bytes, CL = 64 bytes
measured cpu frequency ~= 3134.764030
using 20 random witnesses for Rabin-Miller PRP checks

09/17/22 13:56:49 v1.34.5 @ LAPTOP-OO6P58OL, New random seeds: 779521633, 3767099456

09/17/22 13:56:49 v1.34.5 @ LAPTOP-OO6P58OL, Processing expression: factor(108525167048069618588175976867846563247592681279699764935868571805537995466244621039138584734968186962015154069834228913223982840558626369903697856981515674800664445719963249384904839446749699482532818680540192673814671582032905573381188420997231842144989027400106624744146739238687818312012920530048166672413)

